[0.049s] Invoking command in '/home/diogoesa/ros2_ws1/build/cpp_topic': CMAKE_PREFIX_PATH=/opt/ros/foxy /usr/bin/cmake /home/diogoesa/ros2_ws1/src/cpp_topic -DCMAKE_INSTALL_PREFIX=/home/diogoesa/ros2_ws1/install/cpp_topic
[0.247s] -- The C compiler identification is GNU 9.3.0
[0.377s] -- The CXX compiler identification is GNU 9.3.0
[0.388s] -- Check for working C compiler: /usr/bin/cc
[0.525s] -- Check for working C compiler: /usr/bin/cc -- works
[0.529s] -- Detecting C compiler ABI info
[0.662s] -- Detecting C compiler ABI info - done
[0.695s] -- Detecting C compile features
[0.696s] -- Detecting C compile features - done
[0.704s] -- Check for working CXX compiler: /usr/bin/c++
[0.874s] -- Check for working CXX compiler: /usr/bin/c++ -- works
[0.878s] -- Detecting CXX compiler ABI info
[1.057s] -- Detecting CXX compiler ABI info - done
[1.095s] -- Detecting CXX compile features
[1.096s] -- Detecting CXX compile features - done
[1.102s] -- Found ament_cmake: 0.9.7 (/opt/ros/foxy/share/ament_cmake/cmake)
[1.193s] -- Found PythonInterp: /usr/bin/python3 (found suitable version "3.8.5", minimum required is "3") 
[1.194s] -- Using PYTHON_EXECUTABLE: /usr/bin/python3
[1.757s] -- Found rclcpp: 2.2.0 (/opt/ros/foxy/share/rclcpp/cmake)
[1.868s] -- Using all available rosidl_typesupport_c: rosidl_typesupport_fastrtps_c;rosidl_typesupport_introspection_c
[1.888s] -- Found rosidl_adapter: 1.1.0 (/opt/ros/foxy/share/rosidl_adapter/cmake)
[2.105s] -- Found OpenSSL: /usr/lib/x86_64-linux-gnu/libcrypto.so (found version "1.1.1f")  
[2.176s] -- Found FastRTPS: /opt/ros/foxy/include  
[2.429s] -- Using all available rosidl_typesupport_cpp: rosidl_typesupport_fastrtps_cpp;rosidl_typesupport_introspection_cpp
[2.671s] -- Found rmw_implementation_cmake: 1.0.1 (/opt/ros/foxy/share/rmw_implementation_cmake/cmake)
[2.674s] -- Using RMW implementation 'rmw_fastrtps_cpp' as default
[2.676s] -- Looking for pthread.h
[2.791s] -- Looking for pthread.h - found
[2.792s] -- Performing Test CMAKE_HAVE_LIBC_PTHREAD
[2.920s] -- Performing Test CMAKE_HAVE_LIBC_PTHREAD - Failed
[2.920s] -- Looking for pthread_create in pthreads
[3.056s] -- Looking for pthread_create in pthreads - not found
[3.057s] -- Looking for pthread_create in pthread
[3.221s] -- Looking for pthread_create in pthread - found
[3.225s] -- Found Threads: TRUE  
[3.751s] -- Found geometry_msgs: 2.0.3 (/opt/ros/foxy/share/geometry_msgs/cmake)
[4.095s] -- Configuring done
[4.128s] -- Generating done
[4.134s] -- Build files have been written to: /home/diogoesa/ros2_ws1/build/cpp_topic
[4.153s] Invoked command in '/home/diogoesa/ros2_ws1/build/cpp_topic' returned '0': CMAKE_PREFIX_PATH=/opt/ros/foxy /usr/bin/cmake /home/diogoesa/ros2_ws1/src/cpp_topic -DCMAKE_INSTALL_PREFIX=/home/diogoesa/ros2_ws1/install/cpp_topic
[4.157s] Invoking command in '/home/diogoesa/ros2_ws1/build/cpp_topic': CMAKE_PREFIX_PATH=/opt/ros/foxy /usr/bin/cmake --build /home/diogoesa/ros2_ws1/build/cpp_topic -- -j1 -l1
[4.229s] [35m[1mScanning dependencies of target cpp_sub_spiral[0m
[4.502s] [ 25%] [32mBuilding CXX object CMakeFiles/cpp_sub_spiral.dir/src/cpp_sub_spiral.cpp.o[0m
[17.058s] [ 50%] [32m[1mLinking CXX executable cpp_sub_spiral[0m
[17.848s] [ 50%] Built target cpp_sub_spiral
[17.909s] [35m[1mScanning dependencies of target cpp_pub_spiral[0m
[18.116s] [ 75%] [32mBuilding CXX object CMakeFiles/cpp_pub_spiral.dir/src/cpp_pub_spiral.cpp.o[0m
[26.043s] [100%] [32m[1mLinking CXX executable cpp_pub_spiral[0m
[26.365s] [100%] Built target cpp_pub_spiral
[26.389s] Invoked command in '/home/diogoesa/ros2_ws1/build/cpp_topic' returned '0': CMAKE_PREFIX_PATH=/opt/ros/foxy /usr/bin/cmake --build /home/diogoesa/ros2_ws1/build/cpp_topic -- -j1 -l1
[26.448s] Invoking command in '/home/diogoesa/ros2_ws1/build/cpp_topic': CMAKE_PREFIX_PATH=/opt/ros/foxy /usr/bin/cmake --install /home/diogoesa/ros2_ws1/build/cpp_topic
[26.482s] -- Install configuration: ""
[26.483s] -- Installing: /home/diogoesa/ros2_ws1/install/cpp_topic/lib/cpp_topic/cpp_pub_spiral
[26.485s] -- Set runtime path of "/home/diogoesa/ros2_ws1/install/cpp_topic/lib/cpp_topic/cpp_pub_spiral" to ""
[26.486s] -- Installing: /home/diogoesa/ros2_ws1/install/cpp_topic/lib/cpp_topic/cpp_sub_spiral
[26.489s] -- Set runtime path of "/home/diogoesa/ros2_ws1/install/cpp_topic/lib/cpp_topic/cpp_sub_spiral" to ""
[26.490s] -- Installing: /home/diogoesa/ros2_ws1/install/cpp_topic/share/ament_index/resource_index/package_run_dependencies/cpp_topic
[26.491s] -- Installing: /home/diogoesa/ros2_ws1/install/cpp_topic/share/ament_index/resource_index/parent_prefix_path/cpp_topic
[26.494s] -- Installing: /home/diogoesa/ros2_ws1/install/cpp_topic/share/cpp_topic/environment/ament_prefix_path.sh
[26.494s] -- Installing: /home/diogoesa/ros2_ws1/install/cpp_topic/share/cpp_topic/environment/ament_prefix_path.dsv
[26.495s] -- Installing: /home/diogoesa/ros2_ws1/install/cpp_topic/share/cpp_topic/environment/path.sh
[26.495s] -- Installing: /home/diogoesa/ros2_ws1/install/cpp_topic/share/cpp_topic/environment/path.dsv
[26.496s] -- Installing: /home/diogoesa/ros2_ws1/install/cpp_topic/share/cpp_topic/local_setup.bash
[26.497s] -- Installing: /home/diogoesa/ros2_ws1/install/cpp_topic/share/cpp_topic/local_setup.sh
[26.497s] -- Installing: /home/diogoesa/ros2_ws1/install/cpp_topic/share/cpp_topic/local_setup.zsh
[26.497s] -- Installing: /home/diogoesa/ros2_ws1/install/cpp_topic/share/cpp_topic/local_setup.dsv
[26.498s] -- Installing: /home/diogoesa/ros2_ws1/install/cpp_topic/share/cpp_topic/package.dsv
[26.498s] -- Installing: /home/diogoesa/ros2_ws1/install/cpp_topic/share/ament_index/resource_index/packages/cpp_topic
[26.499s] -- Installing: /home/diogoesa/ros2_ws1/install/cpp_topic/share/cpp_topic/cmake/cpp_topicConfig.cmake
[26.499s] -- Installing: /home/diogoesa/ros2_ws1/install/cpp_topic/share/cpp_topic/cmake/cpp_topicConfig-version.cmake
[26.500s] -- Installing: /home/diogoesa/ros2_ws1/install/cpp_topic/share/cpp_topic/package.xml
[26.504s] Invoked command in '/home/diogoesa/ros2_ws1/build/cpp_topic' returned '0': CMAKE_PREFIX_PATH=/opt/ros/foxy /usr/bin/cmake --install /home/diogoesa/ros2_ws1/build/cpp_topic
